  StarvinMarvin_v1.cpp
C:\Users\ernie\source\repos\StarvenMarvin\StarvinMarvin_v1.cpp(1,10): warning C4067: unexpected tokens following preprocessor directive - expected a newline
C:\Users\ernie\source\repos\StarvenMarvin\StarvinMarvin_v1.cpp(2,10): warning C4067: unexpected tokens following preprocessor directive - expected a newline
C:\Users\ernie\source\repos\StarvenMarvin\StarvinMarvin_v1.cpp(3,10): warning C4067: unexpected tokens following preprocessor directive - expected a newline
C:\Users\ernie\source\repos\StarvenMarvin\StarvinMarvin_v1.cpp(4,10): warning C4067: unexpected tokens following preprocessor directive - expected a newline
C:\Users\ernie\source\repos\StarvenMarvin\StarvinMarvin_v1.cpp(6,10): warning C4067: unexpected tokens following preprocessor directive - expected a newline
C:\Users\ernie\source\repos\StarvenMarvin\StarvinMarvin_v1.cpp(7,10): warning C4067: unexpected tokens following preprocessor directive - expected a newline
C:\Users\ernie\source\repos\StarvenMarvin\StarvinMarvin_v1.cpp(48,11): warning C4553: '==': result of expression not used; did you intend '='?
C:\Users\ernie\source\repos\StarvenMarvin\StarvinMarvin_v1.cpp(80,32): warning C4552: '>>': result of expression not used
C:\Users\ernie\source\repos\StarvenMarvin\StarvinMarvin_v1.cpp(83,33): warning C4552: '>>': result of expression not used
C:\Users\ernie\source\repos\StarvenMarvin\StarvinMarvin_v1.cpp(84,32): warning C4552: '>>': result of expression not used
S:\Visual studios 2022\VC\Tools\MSVC\14.33.31629\include\thread(55,14): error C2672: 'invoke': no matching overloaded function found
S:\Visual studios 2022\VC\Tools\MSVC\14.33.31629\include\type_traits(1552,19): message : could be 'unknown-type std::invoke(_Callable &&,_Ty1 &&,_Types2 &&...) noexcept(<expr>)'
S:\Visual studios 2022\VC\Tools\MSVC\14.33.31629\include\thread(55,14): message : 'unknown-type std::invoke(_Callable &&,_Ty1 &&,_Types2 &&...) noexcept(<expr>)': expects 3 arguments - 1 provided
S:\Visual studios 2022\VC\Tools\MSVC\14.33.31629\include\type_traits(1552): message : see declaration of 'std::invoke'
S:\Visual studios 2022\VC\Tools\MSVC\14.33.31629\include\type_traits(1546,19): message : or       'unknown-type std::invoke(_Callable &&) noexcept(<expr>)'
S:\Visual studios 2022\VC\Tools\MSVC\14.33.31629\include\thread(55,14): message : Failed to specialize function template 'unknown-type std::invoke(_Callable &&) noexcept(<expr>)'
S:\Visual studios 2022\VC\Tools\MSVC\14.33.31629\include\type_traits(1546): message : see declaration of 'std::invoke'
S:\Visual studios 2022\VC\Tools\MSVC\14.33.31629\include\thread(51,5): message : With the following template arguments:
S:\Visual studios 2022\VC\Tools\MSVC\14.33.31629\include\thread(51,5): message : '_Callable=unsigned long'
S:\Visual studios 2022\VC\Tools\MSVC\14.33.31629\include\thread(62): message : see reference to function template instantiation 'unsigned int std::thread::_Invoke<_Tuple,0>(void *) noexcept' being compiled
S:\Visual studios 2022\VC\Tools\MSVC\14.33.31629\include\thread(66): message : see reference to function template instantiation 'unsigned int (__cdecl *std::thread::_Get_invoke<_Tuple,0>(std::integer_sequence<size_t,0>) noexcept)(void *) noexcept' being compiled
S:\Visual studios 2022\VC\Tools\MSVC\14.33.31629\include\thread(89): message : see reference to function template instantiation 'void std::thread::_Start<_Ty,>(_Fn &&)' being compiled
          with
          [
              _Ty=DWORD,
              _Fn=DWORD
          ]
C:\Users\ernie\source\repos\StarvenMarvin\StarvinMarvin_v1.cpp(85): message : see reference to function template instantiation 'std::thread::thread<DWORD,,0>(_Fn &&)' being compiled
          with
          [
              _Fn=DWORD
          ]
